#-----------------------------------------------------------
# Vivado v2019.1 (64-bit)
# SW Build 2552052 on Fri May 24 14:49:42 MDT 2019
# IP Build 2548770 on Fri May 24 18:01:18 MDT 2019
# Start of session at: Tue Mar 22 13:24:50 2022
# Process ID: 14056
# Current directory: C:/Users/jones/Desktop/EE316-Lab4/VHDL/Full/BetterProject
# Command line: vivado.exe -gui_launcher_event rodinguilauncherevent13180 C:\Users\jones\Desktop\EE316-Lab4\VHDL\Full\BetterProject\BetterProject.xpr
# Log file: C:/Users/jones/Desktop/EE316-Lab4/VHDL/Full/BetterProject/vivado.log
# Journal file: C:/Users/jones/Desktop/EE316-Lab4/VHDL/Full/BetterProject\vivado.jou
#-----------------------------------------------------------
start_gui
open_project C:/Users/jones/Desktop/EE316-Lab4/VHDL/Full/BetterProject/BetterProject.xpr
Scanning sources...
Finished scanning sources
INFO: [IP_Flow 19-234] Refreshing IP repositories
INFO: [IP_Flow 19-1704] No user IP repositories specified
INFO: [IP_Flow 19-2313] Loaded Vivado IP repository 'C:/Xilinx/Vivado/2019.1/data/ip'.
open_project: Time (s): cpu = 00:00:23 ; elapsed = 00:00:13 . Memory (MB): peak = 907.820 ; gain = 226.730
update_compile_order -fileset sources_1
open_hw
connect_hw_server
INFO: [Labtools 27-2285] Connecting to hw_server url TCP:localhost:3121
INFO: [Labtools 27-2222] Launching hw_server...
INFO: [Labtools 27-2221] Launch Output:

****** Xilinx hw_server v2019.1
  **** Build date : May 24 2019 at 15:13:31
    ** Copyright 1986-2019 Xilinx, Inc. All Rights Reserved.


open_hw_target
INFO: [Labtoolstcl 44-466] Opening hw_target localhost:3121/xilinx_tcf/Digilent/210370B31E5DA
open_hw_target: Time (s): cpu = 00:00:05 ; elapsed = 00:00:08 . Memory (MB): peak = 2044.379 ; gain = 1110.137
set_property PROGRAM.FILE {C:/Users/jones/Desktop/EE316-Lab4/VHDL/Full/BetterProject/BetterProject.runs/impl_1/System.bit} [get_hw_devices xc7z010_1]
current_hw_device [get_hw_devices xc7z010_1]
refresh_hw_device -update_hw_probes false [lindex [get_hw_devices xc7z010_1] 0]
INFO: [Labtools 27-1435] Device xc7z010 (JTAG device index = 1) is not programmed (DONE status = 0).
set_property PROBES.FILE {} [get_hw_devices xc7z010_1]
set_property FULL_PROBES.FILE {} [get_hw_devices xc7z010_1]
set_property PROGRAM.FILE {C:/Users/jones/Desktop/EE316-Lab4/VHDL/Full/BetterProject/BetterProject.runs/impl_1/System.bit} [get_hw_devices xc7z010_1]
program_hw_devices [get_hw_devices xc7z010_1]
INFO: [Labtools 27-3164] End of startup status: HIGH
refresh_hw_device [lindex [get_hw_devices xc7z010_1] 0]
INFO: [Labtools 27-1434] Device xc7z010 (JTAG device index = 1) is programmed with a design that has no supported debug core(s) in it.
reset_run impl_1 -prev_step 
launch_runs impl_1 -to_step write_bitstream -jobs 14
[Tue Mar 22 13:33:54 2022] Launched impl_1...
Run output will be captured here: C:/Users/jones/Desktop/EE316-Lab4/VHDL/Full/BetterProject/BetterProject.runs/impl_1/runme.log
launch_runs: Time (s): cpu = 00:00:01 ; elapsed = 00:00:19 . Memory (MB): peak = 2139.027 ; gain = 4.176
set_property PROBES.FILE {} [get_hw_devices xc7z010_1]
set_property FULL_PROBES.FILE {} [get_hw_devices xc7z010_1]
set_property PROGRAM.FILE {C:/Users/jones/Desktop/EE316-Lab4/VHDL/Full/BetterProject/BetterProject.runs/impl_1/System.bit} [get_hw_devices xc7z010_1]
program_hw_devices [get_hw_devices xc7z010_1]
INFO: [Labtools 27-3164] End of startup status: HIGH
refresh_hw_device [lindex [get_hw_devices xc7z010_1] 0]
INFO: [Labtools 27-1434] Device xc7z010 (JTAG device index = 1) is programmed with a design that has no supported debug core(s) in it.
reset_run synth_1
WARNING: [Vivado 12-1017] Problems encountered:
1. Failed to delete one or more files in run directory C:/Users/jones/Desktop/EE316-Lab4/VHDL/Full/BetterProject/BetterProject.runs/synth_1

launch_runs impl_1 -to_step write_bitstream -jobs 14
[Tue Mar 22 13:37:33 2022] Launched synth_1...
Run output will be captured here: C:/Users/jones/Desktop/EE316-Lab4/VHDL/Full/BetterProject/BetterProject.runs/synth_1/runme.log
[Tue Mar 22 13:37:33 2022] Launched impl_1...
Run output will be captured here: C:/Users/jones/Desktop/EE316-Lab4/VHDL/Full/BetterProject/BetterProject.runs/impl_1/runme.log
launch_runs: Time (s): cpu = 00:00:01 ; elapsed = 00:00:18 . Memory (MB): peak = 2139.027 ; gain = 0.000
set_property PROBES.FILE {} [get_hw_devices xc7z010_1]
set_property FULL_PROBES.FILE {} [get_hw_devices xc7z010_1]
set_property PROGRAM.FILE {C:/Users/jones/Desktop/EE316-Lab4/VHDL/Full/BetterProject/BetterProject.runs/impl_1/System.bit} [get_hw_devices xc7z010_1]
program_hw_devices [get_hw_devices xc7z010_1]
INFO: [Labtools 27-3164] End of startup status: HIGH
refresh_hw_device [lindex [get_hw_devices xc7z010_1] 0]
INFO: [Labtools 27-1434] Device xc7z010 (JTAG device index = 1) is programmed with a design that has no supported debug core(s) in it.
reset_run synth_1
WARNING: [Vivado 12-1017] Problems encountered:
1. Failed to delete one or more files in run directory C:/Users/jones/Desktop/EE316-Lab4/VHDL/Full/BetterProject/BetterProject.runs/synth_1

launch_runs impl_1 -to_step write_bitstream -jobs 14
[Tue Mar 22 13:44:58 2022] Launched synth_1...
Run output will be captured here: C:/Users/jones/Desktop/EE316-Lab4/VHDL/Full/BetterProject/BetterProject.runs/synth_1/runme.log
[Tue Mar 22 13:44:58 2022] Launched impl_1...
Run output will be captured here: C:/Users/jones/Desktop/EE316-Lab4/VHDL/Full/BetterProject/BetterProject.runs/impl_1/runme.log
launch_runs: Time (s): cpu = 00:00:02 ; elapsed = 00:00:18 . Memory (MB): peak = 2139.363 ; gain = 0.328
reset_run synth_1
WARNING: [Vivado 12-1017] Problems encountered:
1. Failed to delete one or more files in run directory C:/Users/jones/Desktop/EE316-Lab4/VHDL/Full/BetterProject/BetterProject.runs/synth_1

launch_runs impl_1 -to_step write_bitstream -jobs 14
[Tue Mar 22 13:46:10 2022] Launched synth_1...
Run output will be captured here: C:/Users/jones/Desktop/EE316-Lab4/VHDL/Full/BetterProject/BetterProject.runs/synth_1/runme.log
[Tue Mar 22 13:46:10 2022] Launched impl_1...
Run output will be captured here: C:/Users/jones/Desktop/EE316-Lab4/VHDL/Full/BetterProject/BetterProject.runs/impl_1/runme.log
launch_runs: Time (s): cpu = 00:00:01 ; elapsed = 00:00:18 . Memory (MB): peak = 2140.129 ; gain = 0.234
reset_run synth_1
WARNING: [Vivado 12-1017] Problems encountered:
1. Failed to delete one or more files in run directory C:/Users/jones/Desktop/EE316-Lab4/VHDL/Full/BetterProject/BetterProject.runs/synth_1

launch_runs impl_1 -to_step write_bitstream -jobs 14
[Tue Mar 22 13:47:38 2022] Launched synth_1...
Run output will be captured here: C:/Users/jones/Desktop/EE316-Lab4/VHDL/Full/BetterProject/BetterProject.runs/synth_1/runme.log
[Tue Mar 22 13:47:38 2022] Launched impl_1...
Run output will be captured here: C:/Users/jones/Desktop/EE316-Lab4/VHDL/Full/BetterProject/BetterProject.runs/impl_1/runme.log
launch_runs: Time (s): cpu = 00:00:00 ; elapsed = 00:00:18 . Memory (MB): peak = 2142.703 ; gain = 1.508
set_property PROBES.FILE {} [get_hw_devices xc7z010_1]
set_property FULL_PROBES.FILE {} [get_hw_devices xc7z010_1]
set_property PROGRAM.FILE {C:/Users/jones/Desktop/EE316-Lab4/VHDL/Full/BetterProject/BetterProject.runs/impl_1/System.bit} [get_hw_devices xc7z010_1]
program_hw_devices [get_hw_devices xc7z010_1]
INFO: [Labtools 27-3164] End of startup status: HIGH
refresh_hw_device [lindex [get_hw_devices xc7z010_1] 0]
INFO: [Labtools 27-1434] Device xc7z010 (JTAG device index = 1) is programmed with a design that has no supported debug core(s) in it.
reset_run synth_1
WARNING: [Vivado 12-1017] Problems encountered:
1. Failed to delete one or more files in run directory C:/Users/jones/Desktop/EE316-Lab4/VHDL/Full/BetterProject/BetterProject.runs/synth_1

launch_runs impl_1 -to_step write_bitstream -jobs 14
[Tue Mar 22 13:52:22 2022] Launched synth_1...
Run output will be captured here: C:/Users/jones/Desktop/EE316-Lab4/VHDL/Full/BetterProject/BetterProject.runs/synth_1/runme.log
[Tue Mar 22 13:52:22 2022] Launched impl_1...
Run output will be captured here: C:/Users/jones/Desktop/EE316-Lab4/VHDL/Full/BetterProject/BetterProject.runs/impl_1/runme.log
launch_runs: Time (s): cpu = 00:00:01 ; elapsed = 00:00:18 . Memory (MB): peak = 2145.941 ; gain = 2.504
set_property PROBES.FILE {} [get_hw_devices xc7z010_1]
set_property FULL_PROBES.FILE {} [get_hw_devices xc7z010_1]
set_property PROGRAM.FILE {C:/Users/jones/Desktop/EE316-Lab4/VHDL/Full/BetterProject/BetterProject.runs/impl_1/System.bit} [get_hw_devices xc7z010_1]
program_hw_devices [get_hw_devices xc7z010_1]
INFO: [Labtools 27-3164] End of startup status: HIGH
refresh_hw_device [lindex [get_hw_devices xc7z010_1] 0]
INFO: [Labtools 27-1434] Device xc7z010 (JTAG device index = 1) is programmed with a design that has no supported debug core(s) in it.
launch_simulation
INFO: [Vivado 12-5682] Launching behavioral simulation in 'C:/Users/jones/Desktop/EE316-Lab4/VHDL/Full/BetterProject/BetterProject.sim/sim_1/behav/xsim'
INFO: [SIM-utils-51] Simulation object is 'sim_1'
INFO: [SIM-utils-54] Inspecting design source files for 'System' in fileset 'sim_1'...
INFO: [USF-XSim-97] Finding global include files...
INFO: [USF-XSim-98] Fetching design files from 'sim_1'...
INFO: [USF-XSim-2] XSim::Compile design
INFO: [USF-XSim-61] Executing 'COMPILE and ANALYZE' step in 'C:/Users/jones/Desktop/EE316-Lab4/VHDL/Full/BetterProject/BetterProject.sim/sim_1/behav/xsim'
"xvhdl --incr --relax -prj System_vhdl.prj"
INFO: [VRFC 10-163] Analyzing VHDL file "C:/Users/jones/Desktop/EE316-Lab4/VHDL/Full/BetterProject/BetterProject.srcs/sources_1/imports/Cole/EE316_Project4/EE316_Project4.srcs/sources_1/new/uart_user.vhd" into library xil_defaultlib
INFO: [VRFC 10-3107] analyzing entity 'uart_user'
INFO: [VRFC 10-163] Analyzing VHDL file "C:/Users/jones/Desktop/EE316-Lab4/VHDL/Full/BetterProject/BetterProject.srcs/sources_1/new/System.vhd" into library xil_defaultlib
INFO: [VRFC 10-3107] analyzing entity 'System'
INFO: [USF-XSim-69] 'compile' step finished in '1' seconds
INFO: [USF-XSim-3] XSim::Elaborate design
INFO: [USF-XSim-61] Executing 'ELABORATE' step in 'C:/Users/jones/Desktop/EE316-Lab4/VHDL/Full/BetterProject/BetterProject.sim/sim_1/behav/xsim'
"xelab -wto 5f3de8ad2375421cb257d45382debb2b --incr --debug typical --relax --mt 2 -L xil_defaultlib -L secureip --snapshot System_behav xil_defaultlib.System -log elaborate.log"
Vivado Simulator 2019.1
Copyright 1986-1999, 2001-2019 Xilinx, Inc. All Rights Reserved.
Running: C:/Xilinx/Vivado/2019.1/bin/unwrapped/win64.o/xelab.exe -wto 5f3de8ad2375421cb257d45382debb2b --incr --debug typical --relax --mt 2 -L xil_defaultlib -L secureip --snapshot System_behav xil_defaultlib.System -log elaborate.log 
Using 2 slave threads.
Starting static elaboration
Completed static elaboration
Starting simulation data flow analysis
Completed simulation data flow analysis
Time Resolution for simulation is 1ps
Compiling package std.standard
Compiling package std.textio
Compiling package ieee.std_logic_1164
Compiling package ieee.numeric_std
Compiling package ieee.std_logic_arith
Compiling package ieee.std_logic_unsigned
Compiling architecture logic of entity xil_defaultlib.i2c_master [\i2c_master(input_clk=125000000,...]
Compiling architecture user_logic of entity xil_defaultlib.LCD_Transmitter [lcd_transmitter_default]
Compiling architecture logic of entity xil_defaultlib.debounce [\debounce(counter_size=9)\]
Compiling architecture logic of entity xil_defaultlib.ps2_keyboard [\ps2_keyboard(clk_freq=125000000...]
Compiling architecture behavior of entity xil_defaultlib.ps2_keyboard_to_ascii [ps2_keyboard_to_ascii_default]
Compiling architecture logic of entity xil_defaultlib.uart [uart_default]
Compiling architecture behavioral of entity xil_defaultlib.uart_user [uart_user_default]
Compiling architecture behavioral of entity xil_defaultlib.system
Built simulation snapshot System_behav
run_program: Time (s): cpu = 00:00:00 ; elapsed = 00:00:09 . Memory (MB): peak = 2146.387 ; gain = 0.000
INFO: [USF-XSim-69] 'elaborate' step finished in '10' seconds
INFO: [USF-XSim-4] XSim::Simulate design
INFO: [USF-XSim-61] Executing 'SIMULATE' step in 'C:/Users/jones/Desktop/EE316-Lab4/VHDL/Full/BetterProject/BetterProject.sim/sim_1/behav/xsim'
INFO: [USF-XSim-98] *** Running xsim
   with args "System_behav -key {Behavioral:sim_1:Functional:System} -tclbatch {System.tcl} -log {simulate.log}"
INFO: [USF-XSim-8] Loading simulator feature
Vivado Simulator 2019.1
Time resolution is 1 ps
source System.tcl
# set curr_wave [current_wave_config]
# if { [string length $curr_wave] == 0 } {
#   if { [llength [get_objects]] > 0} {
#     add_wave /
#     set_property needs_save false [current_wave_config]
#   } else {
#      send_msg_id Add_Wave-1 WARNING "No top level signals found. Simulator will start without a wave window. If you want to open a wave window go to 'File->New Waveform Configuration' or type 'create_wave_config' in the TCL console."
#   }
# }
# run 1000ns
INFO: [USF-XSim-96] XSim completed. Design snapshot 'System_behav' loaded.
INFO: [USF-XSim-97] XSim simulation ran for 1000ns
launch_simulation: Time (s): cpu = 00:00:09 ; elapsed = 00:00:15 . Memory (MB): peak = 2192.324 ; gain = 45.938
add_force {/System/clock} -radix hex {1 0ns} {0 400ps} -repeat_every 8000ps
add_force {/System/reset_h} -radix hex {1 0ns}
run 100 us
add_force {/System/Inst_uart/outData} -radix hex {A 0ns}
add_force {/System/Inst_uart/outData} -radix hex {41 0ns}
add_force {/System/reset_h} -radix hex {0 0ns}
run 100 us
add_force {/System/Inst_uart/rx_busy} -radix hex {1 0ns}
run 100 us
relaunch_sim
suspend_sim: Time (s): cpu = 00:00:01 ; elapsed = 00:00:10 . Memory (MB): peak = 2215.031 ; gain = 0.000
INFO: [Vivado 12-5682] Launching behavioral simulation in 'C:/Users/jones/Desktop/EE316-Lab4/VHDL/Full/BetterProject/BetterProject.sim/sim_1/behav/xsim'
INFO: [SIM-utils-51] Simulation object is 'sim_1'
INFO: [SIM-utils-54] Inspecting design source files for 'System' in fileset 'sim_1'...
INFO: [USF-XSim-97] Finding global include files...
INFO: [USF-XSim-98] Fetching design files from 'sim_1'...
INFO: [USF-XSim-2] XSim::Compile design
INFO: [USF-XSim-61] Executing 'COMPILE and ANALYZE' step in 'C:/Users/jones/Desktop/EE316-Lab4/VHDL/Full/BetterProject/BetterProject.sim/sim_1/behav/xsim'
"xvhdl --incr --relax -prj System_vhdl.prj"
INFO: [USF-XSim-69] 'compile' step finished in '1' seconds
INFO: [Vivado 12-5682] Launching behavioral simulation in 'C:/Users/jones/Desktop/EE316-Lab4/VHDL/Full/BetterProject/BetterProject.sim/sim_1/behav/xsim'
INFO: [USF-XSim-3] XSim::Elaborate design
INFO: [USF-XSim-61] Executing 'ELABORATE' step in 'C:/Users/jones/Desktop/EE316-Lab4/VHDL/Full/BetterProject/BetterProject.sim/sim_1/behav/xsim'
"xelab -wto 5f3de8ad2375421cb257d45382debb2b --incr --debug typical --relax --mt 2 -L xil_defaultlib -L secureip --snapshot System_behav xil_defaultlib.System -log elaborate.log"
Vivado Simulator 2019.1
Copyright 1986-1999, 2001-2019 Xilinx, Inc. All Rights Reserved.
Running: C:/Xilinx/Vivado/2019.1/bin/unwrapped/win64.o/xelab.exe -wto 5f3de8ad2375421cb257d45382debb2b --incr --debug typical --relax --mt 2 -L xil_defaultlib -L secureip --snapshot System_behav xil_defaultlib.System -log elaborate.log 
Using 2 slave threads.
Starting static elaboration
Completed static elaboration
INFO: [XSIM 43-4323] No Change in HDL. Linking previously generated obj files to create kernel
INFO: [USF-XSim-69] 'elaborate' step finished in '2' seconds
Vivado Simulator 2019.1
Time resolution is 1 ps
relaunch_sim: Time (s): cpu = 00:00:02 ; elapsed = 00:00:15 . Memory (MB): peak = 2215.031 ; gain = 0.000
add_force {/System/clock} -radix hex {1 0ns} {0 4000ps} -repeat_every 8000ps -cancel_after 0
ERROR: [Simtcl 6-124] Cancel time must be strictly greater than start time
add_force {/System/clock} -radix hex {1 0ns} {0 4000ps} -repeat_every 8000ps -cancel_after 0
ERROR: [Simtcl 6-124] Cancel time must be strictly greater than start time
add_force {/System/clock} -radix hex {1 0ns} {0 4000ps} -repeat_every 8000ps
add_force {/System/reset_h} -radix hex {1 0ns}
run 100 us
add_force {/System/reset_h} -radix hex {0 0ns}
run 100 ns
add_force {/System/Inst_uart/outData} -radix hex {41 0ns}
add_force {/System/Inst_uart/rx_busy_prev} -radix hex {1 0ns}
run 8 ns
add_force {/System/Inst_uart/rx_busy_prev} -radix hex {0 0ns}
run 8 ns
run 100 ns
reset_run synth_1
WARNING: [Vivado 12-1017] Problems encountered:
1. Failed to delete one or more files in run directory C:/Users/jones/Desktop/EE316-Lab4/VHDL/Full/BetterProject/BetterProject.runs/synth_1

launch_runs impl_1 -to_step write_bitstream -jobs 14
[Tue Mar 22 14:05:24 2022] Launched synth_1...
Run output will be captured here: C:/Users/jones/Desktop/EE316-Lab4/VHDL/Full/BetterProject/BetterProject.runs/synth_1/runme.log
[Tue Mar 22 14:05:24 2022] Launched impl_1...
Run output will be captured here: C:/Users/jones/Desktop/EE316-Lab4/VHDL/Full/BetterProject/BetterProject.runs/impl_1/runme.log
launch_runs: Time (s): cpu = 00:00:00 ; elapsed = 00:00:18 . Memory (MB): peak = 2229.770 ; gain = 0.000
set_property PROBES.FILE {} [get_hw_devices xc7z010_1]
set_property FULL_PROBES.FILE {} [get_hw_devices xc7z010_1]
set_property PROGRAM.FILE {C:/Users/jones/Desktop/EE316-Lab4/VHDL/Full/BetterProject/BetterProject.runs/impl_1/System.bit} [get_hw_devices xc7z010_1]
program_hw_devices [get_hw_devices xc7z010_1]
INFO: [Labtools 27-3164] End of startup status: HIGH
refresh_hw_device [lindex [get_hw_devices xc7z010_1] 0]
INFO: [Labtools 27-1434] Device xc7z010 (JTAG device index = 1) is programmed with a design that has no supported debug core(s) in it.
reset_run synth_1
WARNING: [Vivado 12-1017] Problems encountered:
1. Failed to delete one or more files in run directory C:/Users/jones/Desktop/EE316-Lab4/VHDL/Full/BetterProject/BetterProject.runs/synth_1

launch_runs impl_1 -to_step write_bitstream -jobs 14
[Tue Mar 22 14:11:58 2022] Launched synth_1...
Run output will be captured here: C:/Users/jones/Desktop/EE316-Lab4/VHDL/Full/BetterProject/BetterProject.runs/synth_1/runme.log
[Tue Mar 22 14:11:58 2022] Launched impl_1...
Run output will be captured here: C:/Users/jones/Desktop/EE316-Lab4/VHDL/Full/BetterProject/BetterProject.runs/impl_1/runme.log
launch_runs: Time (s): cpu = 00:00:01 ; elapsed = 00:00:18 . Memory (MB): peak = 2229.770 ; gain = 0.000
set_property PROBES.FILE {} [get_hw_devices xc7z010_1]
set_property FULL_PROBES.FILE {} [get_hw_devices xc7z010_1]
set_property PROGRAM.FILE {C:/Users/jones/Desktop/EE316-Lab4/VHDL/Full/BetterProject/BetterProject.runs/impl_1/System.bit} [get_hw_devices xc7z010_1]
program_hw_devices [get_hw_devices xc7z010_1]
INFO: [Labtools 27-3164] End of startup status: HIGH
refresh_hw_device [lindex [get_hw_devices xc7z010_1] 0]
INFO: [Labtools 27-1434] Device xc7z010 (JTAG device index = 1) is programmed with a design that has no supported debug core(s) in it.
reset_run synth_1
WARNING: [Vivado 12-1017] Problems encountered:
1. Failed to delete one or more files in run directory C:/Users/jones/Desktop/EE316-Lab4/VHDL/Full/BetterProject/BetterProject.runs/synth_1

launch_runs impl_1 -to_step write_bitstream -jobs 14
[Tue Mar 22 14:16:49 2022] Launched synth_1...
Run output will be captured here: C:/Users/jones/Desktop/EE316-Lab4/VHDL/Full/BetterProject/BetterProject.runs/synth_1/runme.log
[Tue Mar 22 14:16:49 2022] Launched impl_1...
Run output will be captured here: C:/Users/jones/Desktop/EE316-Lab4/VHDL/Full/BetterProject/BetterProject.runs/impl_1/runme.log
launch_runs: Time (s): cpu = 00:00:01 ; elapsed = 00:00:18 . Memory (MB): peak = 2229.770 ; gain = 0.000
set_property PROBES.FILE {} [get_hw_devices xc7z010_1]
set_property FULL_PROBES.FILE {} [get_hw_devices xc7z010_1]
set_property PROGRAM.FILE {C:/Users/jones/Desktop/EE316-Lab4/VHDL/Full/BetterProject/BetterProject.runs/impl_1/System.bit} [get_hw_devices xc7z010_1]
program_hw_devices [get_hw_devices xc7z010_1]
INFO: [Labtools 27-3164] End of startup status: HIGH
refresh_hw_device [lindex [get_hw_devices xc7z010_1] 0]
INFO: [Labtools 27-1434] Device xc7z010 (JTAG device index = 1) is programmed with a design that has no supported debug core(s) in it.
set_property PROBES.FILE {} [get_hw_devices xc7z010_1]
set_property FULL_PROBES.FILE {} [get_hw_devices xc7z010_1]
set_property PROGRAM.FILE {C:/Users/jones/Desktop/EE316-Lab4/VHDL/Full/BetterProject/BetterProject.runs/impl_1/System.bit} [get_hw_devices xc7z010_1]
program_hw_devices [get_hw_devices xc7z010_1]
INFO: [Labtools 27-3164] End of startup status: HIGH
refresh_hw_device [lindex [get_hw_devices xc7z010_1] 0]
INFO: [Labtools 27-1434] Device xc7z010 (JTAG device index = 1) is programmed with a design that has no supported debug core(s) in it.
set_property PROBES.FILE {} [get_hw_devices xc7z010_1]
set_property FULL_PROBES.FILE {} [get_hw_devices xc7z010_1]
set_property PROGRAM.FILE {C:/Users/jones/Desktop/EE316-Lab4/VHDL/Full/BetterProject/BetterProject.runs/impl_1/System.bit} [get_hw_devices xc7z010_1]
program_hw_devices [get_hw_devices xc7z010_1]
INFO: [Labtools 27-3164] End of startup status: HIGH
refresh_hw_device [lindex [get_hw_devices xc7z010_1] 0]
INFO: [Labtools 27-1434] Device xc7z010 (JTAG device index = 1) is programmed with a design that has no supported debug core(s) in it.
set_property PROBES.FILE {} [get_hw_devices xc7z010_1]
set_property FULL_PROBES.FILE {} [get_hw_devices xc7z010_1]
set_property PROGRAM.FILE {C:/Users/jones/Desktop/EE316-Lab4/VHDL/Full/BetterProject/BetterProject.runs/impl_1/System.bit} [get_hw_devices xc7z010_1]
program_hw_devices [get_hw_devices xc7z010_1]
INFO: [Labtools 27-3164] End of startup status: HIGH
refresh_hw_device [lindex [get_hw_devices xc7z010_1] 0]
INFO: [Labtools 27-1434] Device xc7z010 (JTAG device index = 1) is programmed with a design that has no supported debug core(s) in it.
reset_run impl_1 -prev_step 
launch_runs impl_1 -to_step write_bitstream -jobs 14
[Tue Mar 22 14:28:47 2022] Launched impl_1...
Run output will be captured here: C:/Users/jones/Desktop/EE316-Lab4/VHDL/Full/BetterProject/BetterProject.runs/impl_1/runme.log
launch_runs: Time (s): cpu = 00:00:00 ; elapsed = 00:00:19 . Memory (MB): peak = 2229.770 ; gain = 0.000
reset_run impl_1 -prev_step 
reset_run synth_1
WARNING: [Vivado 12-1017] Problems encountered:
1. Failed to delete one or more files in run directory C:/Users/jones/Desktop/EE316-Lab4/VHDL/Full/BetterProject/BetterProject.runs/synth_1

launch_runs impl_1 -to_step write_bitstream -jobs 14
[Tue Mar 22 14:29:23 2022] Launched synth_1...
Run output will be captured here: C:/Users/jones/Desktop/EE316-Lab4/VHDL/Full/BetterProject/BetterProject.runs/synth_1/runme.log
[Tue Mar 22 14:29:23 2022] Launched impl_1...
Run output will be captured here: C:/Users/jones/Desktop/EE316-Lab4/VHDL/Full/BetterProject/BetterProject.runs/impl_1/runme.log
launch_runs: Time (s): cpu = 00:00:01 ; elapsed = 00:00:18 . Memory (MB): peak = 2229.770 ; gain = 0.000
set_property PROBES.FILE {} [get_hw_devices xc7z010_1]
set_property FULL_PROBES.FILE {} [get_hw_devices xc7z010_1]
set_property PROGRAM.FILE {C:/Users/jones/Desktop/EE316-Lab4/VHDL/Full/BetterProject/BetterProject.runs/impl_1/System.bit} [get_hw_devices xc7z010_1]
program_hw_devices [get_hw_devices xc7z010_1]
INFO: [Labtools 27-3164] End of startup status: HIGH
refresh_hw_device [lindex [get_hw_devices xc7z010_1] 0]
INFO: [Labtools 27-1434] Device xc7z010 (JTAG device index = 1) is programmed with a design that has no supported debug core(s) in it.
set_property PROBES.FILE {} [get_hw_devices xc7z010_1]
set_property FULL_PROBES.FILE {} [get_hw_devices xc7z010_1]
set_property PROGRAM.FILE {C:/Users/jones/Desktop/EE316-Lab4/VHDL/Full/BetterProject/BetterProject.runs/impl_1/System.bit} [get_hw_devices xc7z010_1]
program_hw_devices [get_hw_devices xc7z010_1]
INFO: [Labtools 27-3164] End of startup status: HIGH
refresh_hw_device [lindex [get_hw_devices xc7z010_1] 0]
INFO: [Labtools 27-1434] Device xc7z010 (JTAG device index = 1) is programmed with a design that has no supported debug core(s) in it.
reset_run synth_1
WARNING: [Vivado 12-1017] Problems encountered:
1. Failed to delete one or more files in run directory C:/Users/jones/Desktop/EE316-Lab4/VHDL/Full/BetterProject/BetterProject.runs/synth_1

launch_runs impl_1 -to_step write_bitstream -jobs 14
[Tue Mar 22 14:32:50 2022] Launched synth_1...
Run output will be captured here: C:/Users/jones/Desktop/EE316-Lab4/VHDL/Full/BetterProject/BetterProject.runs/synth_1/runme.log
[Tue Mar 22 14:32:50 2022] Launched impl_1...
Run output will be captured here: C:/Users/jones/Desktop/EE316-Lab4/VHDL/Full/BetterProject/BetterProject.runs/impl_1/runme.log
launch_runs: Time (s): cpu = 00:00:01 ; elapsed = 00:00:18 . Memory (MB): peak = 2229.770 ; gain = 0.000
set_property PROBES.FILE {} [get_hw_devices xc7z010_1]
set_property FULL_PROBES.FILE {} [get_hw_devices xc7z010_1]
set_property PROGRAM.FILE {C:/Users/jones/Desktop/EE316-Lab4/VHDL/Full/BetterProject/BetterProject.runs/impl_1/System.bit} [get_hw_devices xc7z010_1]
program_hw_devices [get_hw_devices xc7z010_1]
INFO: [Labtools 27-3164] End of startup status: HIGH
refresh_hw_device [lindex [get_hw_devices xc7z010_1] 0]
INFO: [Labtools 27-1434] Device xc7z010 (JTAG device index = 1) is programmed with a design that has no supported debug core(s) in it.
reset_run synth_1
WARNING: [Vivado 12-1017] Problems encountered:
1. Failed to delete one or more files in run directory C:/Users/jones/Desktop/EE316-Lab4/VHDL/Full/BetterProject/BetterProject.runs/synth_1

launch_runs impl_1 -to_step write_bitstream -jobs 14
[Tue Mar 22 14:36:29 2022] Launched synth_1...
Run output will be captured here: C:/Users/jones/Desktop/EE316-Lab4/VHDL/Full/BetterProject/BetterProject.runs/synth_1/runme.log
[Tue Mar 22 14:36:29 2022] Launched impl_1...
Run output will be captured here: C:/Users/jones/Desktop/EE316-Lab4/VHDL/Full/BetterProject/BetterProject.runs/impl_1/runme.log
launch_runs: Time (s): cpu = 00:00:01 ; elapsed = 00:00:18 . Memory (MB): peak = 2229.770 ; gain = 0.000
set_property PROBES.FILE {} [get_hw_devices xc7z010_1]
set_property FULL_PROBES.FILE {} [get_hw_devices xc7z010_1]
set_property PROGRAM.FILE {C:/Users/jones/Desktop/EE316-Lab4/VHDL/Full/BetterProject/BetterProject.runs/impl_1/System.bit} [get_hw_devices xc7z010_1]
program_hw_devices [get_hw_devices xc7z010_1]
INFO: [Labtools 27-3164] End of startup status: HIGH
refresh_hw_device [lindex [get_hw_devices xc7z010_1] 0]
INFO: [Labtools 27-1434] Device xc7z010 (JTAG device index = 1) is programmed with a design that has no supported debug core(s) in it.
set_property PROBES.FILE {} [get_hw_devices xc7z010_1]
set_property FULL_PROBES.FILE {} [get_hw_devices xc7z010_1]
set_property PROGRAM.FILE {C:/Users/jones/Desktop/EE316-Lab4/VHDL/Full/BetterProject/BetterProject.runs/impl_1/System.bit} [get_hw_devices xc7z010_1]
program_hw_devices [get_hw_devices xc7z010_1]
INFO: [Labtools 27-3164] End of startup status: HIGH
refresh_hw_device [lindex [get_hw_devices xc7z010_1] 0]
INFO: [Labtools 27-1434] Device xc7z010 (JTAG device index = 1) is programmed with a design that has no supported debug core(s) in it.
set_property PROBES.FILE {} [get_hw_devices xc7z010_1]
set_property FULL_PROBES.FILE {} [get_hw_devices xc7z010_1]
set_property PROGRAM.FILE {C:/Users/jones/Desktop/EE316-Lab4/VHDL/Full/BetterProject/BetterProject.runs/impl_1/System.bit} [get_hw_devices xc7z010_1]
program_hw_devices [get_hw_devices xc7z010_1]
INFO: [Labtools 27-3164] End of startup status: HIGH
refresh_hw_device [lindex [get_hw_devices xc7z010_1] 0]
INFO: [Labtools 27-1434] Device xc7z010 (JTAG device index = 1) is programmed with a design that has no supported debug core(s) in it.
set_property PROBES.FILE {} [get_hw_devices xc7z010_1]
set_property FULL_PROBES.FILE {} [get_hw_devices xc7z010_1]
set_property PROGRAM.FILE {C:/Users/jones/Desktop/EE316-Lab4/VHDL/Full/BetterProject/BetterProject.runs/impl_1/System.bit} [get_hw_devices xc7z010_1]
program_hw_devices [get_hw_devices xc7z010_1]
INFO: [Labtools 27-3164] End of startup status: HIGH
refresh_hw_device [lindex [get_hw_devices xc7z010_1] 0]
INFO: [Labtools 27-1434] Device xc7z010 (JTAG device index = 1) is programmed with a design that has no supported debug core(s) in it.
set_property PROBES.FILE {} [get_hw_devices xc7z010_1]
set_property FULL_PROBES.FILE {} [get_hw_devices xc7z010_1]
set_property PROGRAM.FILE {C:/Users/jones/Desktop/EE316-Lab4/VHDL/Full/BetterProject/BetterProject.runs/impl_1/System.bit} [get_hw_devices xc7z010_1]
program_hw_devices [get_hw_devices xc7z010_1]
INFO: [Labtools 27-3164] End of startup status: HIGH
refresh_hw_device [lindex [get_hw_devices xc7z010_1] 0]
INFO: [Labtools 27-1434] Device xc7z010 (JTAG device index = 1) is programmed with a design that has no supported debug core(s) in it.
set_property PROBES.FILE {} [get_hw_devices xc7z010_1]
set_property FULL_PROBES.FILE {} [get_hw_devices xc7z010_1]
set_property PROGRAM.FILE {C:/Users/jones/Desktop/EE316-Lab4/VHDL/Full/BetterProject/BetterProject.runs/impl_1/System.bit} [get_hw_devices xc7z010_1]
program_hw_devices [get_hw_devices xc7z010_1]
INFO: [Labtools 27-3164] End of startup status: HIGH
refresh_hw_device [lindex [get_hw_devices xc7z010_1] 0]
INFO: [Labtools 27-1434] Device xc7z010 (JTAG device index = 1) is programmed with a design that has no supported debug core(s) in it.
set_property PROBES.FILE {} [get_hw_devices xc7z010_1]
set_property FULL_PROBES.FILE {} [get_hw_devices xc7z010_1]
set_property PROGRAM.FILE {C:/Users/jones/Desktop/EE316-Lab4/VHDL/Full/BetterProject/BetterProject.runs/impl_1/System.bit} [get_hw_devices xc7z010_1]
program_hw_devices [get_hw_devices xc7z010_1]
INFO: [Labtools 27-3164] End of startup status: HIGH
refresh_hw_device [lindex [get_hw_devices xc7z010_1] 0]
INFO: [Labtools 27-1434] Device xc7z010 (JTAG device index = 1) is programmed with a design that has no supported debug core(s) in it.
set_property PROBES.FILE {} [get_hw_devices xc7z010_1]
set_property FULL_PROBES.FILE {} [get_hw_devices xc7z010_1]
set_property PROGRAM.FILE {C:/Users/jones/Desktop/EE316-Lab4/VHDL/Full/BetterProject/BetterProject.runs/impl_1/System.bit} [get_hw_devices xc7z010_1]
program_hw_devices [get_hw_devices xc7z010_1]
INFO: [Labtools 27-3164] End of startup status: HIGH
refresh_hw_device [lindex [get_hw_devices xc7z010_1] 0]
INFO: [Labtools 27-1434] Device xc7z010 (JTAG device index = 1) is programmed with a design that has no supported debug core(s) in it.
set_property PROBES.FILE {} [get_hw_devices xc7z010_1]
set_property FULL_PROBES.FILE {} [get_hw_devices xc7z010_1]
set_property PROGRAM.FILE {C:/Users/jones/Desktop/EE316-Lab4/VHDL/Full/BetterProject/BetterProject.runs/impl_1/System.bit} [get_hw_devices xc7z010_1]
program_hw_devices [get_hw_devices xc7z010_1]
INFO: [Labtools 27-3164] End of startup status: HIGH
refresh_hw_device [lindex [get_hw_devices xc7z010_1] 0]
INFO: [Labtools 27-1434] Device xc7z010 (JTAG device index = 1) is programmed with a design that has no supported debug core(s) in it.
set_property PROBES.FILE {} [get_hw_devices xc7z010_1]
set_property FULL_PROBES.FILE {} [get_hw_devices xc7z010_1]
set_property PROGRAM.FILE {C:/Users/jones/Desktop/EE316-Lab4/VHDL/Full/BetterProject/BetterProject.runs/impl_1/System.bit} [get_hw_devices xc7z010_1]
program_hw_devices [get_hw_devices xc7z010_1]
INFO: [Labtools 27-3164] End of startup status: HIGH
refresh_hw_device [lindex [get_hw_devices xc7z010_1] 0]
INFO: [Labtools 27-1434] Device xc7z010 (JTAG device index = 1) is programmed with a design that has no supported debug core(s) in it.
ERROR: [Labtoolstcl 44-513] HW Target shutdown. Closing target: localhost:3121/xilinx_tcf/Digilent/210370B31E5DA
close_sim
INFO: [Simtcl 6-16] Simulation closed
exit
INFO: [Common 17-206] Exiting Vivado at Tue Mar 22 16:26:55 2022...
