
*** Running vivado
    with args -log ps2_keyboard_to_ascii.vds -m64 -product Vivado -mode batch -messageDb vivado.pb -notrace -source ps2_keyboard_to_ascii.tcl


****** Vivado v2019.1 (64-bit)
  **** SW Build 2552052 on Fri May 24 14:49:42 MDT 2019
  **** IP Build 2548770 on Fri May 24 18:01:18 MDT 2019
    ** Copyright 1986-2019 Xilinx, Inc. All Rights Reserved.

source ps2_keyboard_to_ascii.tcl -notrace
Command: synth_design -top ps2_keyboard_to_ascii -part xc7z007sclg400-1
Starting synth_design
Attempting to get a license for feature 'Synthesis' and/or device 'xc7z007s'
INFO: [Common 17-349] Got license for feature 'Synthesis' and/or device 'xc7z007s'
INFO: [Device 21-403] Loading part xc7z007sclg400-1
INFO: Launching helper process for spawning children vivado processes
INFO: Helper process launched with PID 168 
---------------------------------------------------------------------------------
Starting RTL Elaboration : Time (s): cpu = 00:00:03 ; elapsed = 00:00:03 . Memory (MB): peak = 708.480 ; gain = 176.879
---------------------------------------------------------------------------------
INFO: [Synth 8-638] synthesizing module 'ps2_keyboard_to_ascii' [C:/Users/herendjb/Downloads/ps2_keyboard_to_ascii.vhd:38]
	Parameter clk_freq bound to: 50000000 - type: integer 
	Parameter ps2_debounce_counter_size bound to: 8 - type: integer 
	Parameter clk_freq bound to: 50000000 - type: integer 
	Parameter debounce_counter_size bound to: 8 - type: integer 
INFO: [Synth 8-3491] module 'ps2_keyboard' declared at 'C:/Users/herendjb/Downloads/ps2_keyboard.vhd:26' bound to instance 'ps2_keyboard_0' of component 'ps2_keyboard' [C:/Users/herendjb/Downloads/ps2_keyboard_to_ascii.vhd:69]
INFO: [Synth 8-638] synthesizing module 'ps2_keyboard' [C:/Users/herendjb/Downloads/ps2_keyboard.vhd:38]
	Parameter clk_freq bound to: 50000000 - type: integer 
	Parameter debounce_counter_size bound to: 8 - type: integer 
	Parameter counter_size bound to: 8 - type: integer 
INFO: [Synth 8-3491] module 'debounce' declared at 'C:/Users/herendjb/Downloads/debounce.vhd:27' bound to instance 'debounce_ps2_clk' of component 'debounce' [C:/Users/herendjb/Downloads/ps2_keyboard.vhd:67]
INFO: [Synth 8-638] synthesizing module 'debounce' [C:/Users/herendjb/Downloads/debounce.vhd:36]
	Parameter counter_size bound to: 8 - type: integer 
INFO: [Synth 8-256] done synthesizing module 'debounce' (1#1) [C:/Users/herendjb/Downloads/debounce.vhd:36]
	Parameter counter_size bound to: 8 - type: integer 
INFO: [Synth 8-3491] module 'debounce' declared at 'C:/Users/herendjb/Downloads/debounce.vhd:27' bound to instance 'debounce_ps2_data' of component 'debounce' [C:/Users/herendjb/Downloads/ps2_keyboard.vhd:70]
INFO: [Synth 8-256] done synthesizing module 'ps2_keyboard' (2#1) [C:/Users/herendjb/Downloads/ps2_keyboard.vhd:38]
INFO: [Synth 8-256] done synthesizing module 'ps2_keyboard_to_ascii' (3#1) [C:/Users/herendjb/Downloads/ps2_keyboard_to_ascii.vhd:38]
---------------------------------------------------------------------------------
Finished RTL Elaboration : Time (s): cpu = 00:00:03 ; elapsed = 00:00:03 . Memory (MB): peak = 773.430 ; gain = 241.828
---------------------------------------------------------------------------------

Report Check Netlist: 
+------+------------------+-------+---------+-------+------------------+
|      |Item              |Errors |Warnings |Status |Description       |
+------+------------------+-------+---------+-------+------------------+
|1     |multi_driven_nets |      0|        0|Passed |Multi driven nets |
+------+------------------+-------+---------+-------+------------------+
---------------------------------------------------------------------------------
Start Handling Custom Attributes
---------------------------------------------------------------------------------
---------------------------------------------------------------------------------
Finished Handling Custom Attributes : Time (s): cpu = 00:00:03 ; elapsed = 00:00:04 . Memory (MB): peak = 773.430 ; gain = 241.828
---------------------------------------------------------------------------------
---------------------------------------------------------------------------------
Finished RTL Optimization Phase 1 : Time (s): cpu = 00:00:03 ; elapsed = 00:00:04 . Memory (MB): peak = 773.430 ; gain = 241.828
---------------------------------------------------------------------------------
INFO: [Project 1-570] Preparing netlist for logic optimization

Processing XDC Constraints
Initializing timing engine
Parsing XDC File [C:/Users/herendjb/project_4/project_4.srcs/constrs_1/new/ps2_test_const.xdc]
Finished Parsing XDC File [C:/Users/herendjb/project_4/project_4.srcs/constrs_1/new/ps2_test_const.xdc]
INFO: [Project 1-236] Implementation specific constraints were found while reading constraint file [C:/Users/herendjb/project_4/project_4.srcs/constrs_1/new/ps2_test_const.xdc]. These constraints will be ignored for synthesis but will be used in implementation. Impacted constraints are listed in the file [.Xil/ps2_keyboard_to_ascii_propImpl.xdc].
Resolution: To avoid this warning, move constraints listed in [.Xil/ps2_keyboard_to_ascii_propImpl.xdc] to another XDC file and exclude this new file from synthesis with the used_in_synthesis property (File Properties dialog in GUI) and re-run elaboration/synthesis.
Completed Processing XDC Constraints

Netlist sorting complete. Time (s): cpu = 00:00:00 ; elapsed = 00:00:00 . Memory (MB): peak = 884.355 ; gain = 0.000
INFO: [Project 1-111] Unisim Transformation Summary:
No Unisim elements were transformed.

Constraint Validation Runtime : Time (s): cpu = 00:00:00 ; elapsed = 00:00:00.003 . Memory (MB): peak = 884.355 ; gain = 0.000
---------------------------------------------------------------------------------
Finished Constraint Validation : Time (s): cpu = 00:00:07 ; elapsed = 00:00:08 . Memory (MB): peak = 884.355 ; gain = 352.754
---------------------------------------------------------------------------------
---------------------------------------------------------------------------------
Start Loading Part and Timing Information
---------------------------------------------------------------------------------
Loading part: xc7z007sclg400-1
---------------------------------------------------------------------------------
Finished Loading Part and Timing Information : Time (s): cpu = 00:00:07 ; elapsed = 00:00:08 . Memory (MB): peak = 884.355 ; gain = 352.754
---------------------------------------------------------------------------------
---------------------------------------------------------------------------------
Start Applying 'set_property' XDC Constraints
---------------------------------------------------------------------------------
---------------------------------------------------------------------------------
Finished applying 'set_property' XDC Constraints : Time (s): cpu = 00:00:07 ; elapsed = 00:00:08 . Memory (MB): peak = 884.355 ; gain = 352.754
---------------------------------------------------------------------------------
INFO: [Synth 8-802] inferred FSM for state register 'state_reg' in module 'ps2_keyboard_to_ascii'
INFO: [Synth 8-5546] ROM "ascii" won't be mapped to RAM because it is too sparse
---------------------------------------------------------------------------------------------------
                   State |                     New Encoding |                Previous Encoding 
---------------------------------------------------------------------------------------------------
                   ready |                               00 |                               00
                new_code |                               01 |                               01
               translate |                               10 |                               10
                  output |                               11 |                               11
---------------------------------------------------------------------------------------------------
INFO: [Synth 8-3354] encoded FSM with state register 'state_reg' using encoding 'sequential' in module 'ps2_keyboard_to_ascii'
---------------------------------------------------------------------------------
Finished RTL Optimization Phase 2 : Time (s): cpu = 00:00:08 ; elapsed = 00:00:09 . Memory (MB): peak = 884.355 ; gain = 352.754
---------------------------------------------------------------------------------

Report RTL Partitions: 
+-+--------------+------------+----------+
| |RTL Partition |Replication |Instances |
+-+--------------+------------+----------+
+-+--------------+------------+----------+
---------------------------------------------------------------------------------
Start RTL Component Statistics 
---------------------------------------------------------------------------------
Detailed RTL Component Info : 
+---Adders : 
	   2 Input      9 Bit       Adders := 2     
+---XORs : 
	   2 Input      1 Bit         XORs := 2     
	   9 Input      1 Bit         XORs := 1     
+---Registers : 
	               11 Bit    Registers := 1     
	                9 Bit    Registers := 2     
	                8 Bit    Registers := 2     
	                7 Bit    Registers := 1     
	                2 Bit    Registers := 3     
	                1 Bit    Registers := 12    
+---Muxes : 
	   3 Input      8 Bit        Muxes := 1     
	   2 Input      8 Bit        Muxes := 11    
	  22 Input      8 Bit        Muxes := 4     
	  35 Input      8 Bit        Muxes := 1     
	   7 Input      8 Bit        Muxes := 1     
	  27 Input      8 Bit        Muxes := 2     
	   4 Input      8 Bit        Muxes := 2     
	  34 Input      7 Bit        Muxes := 1     
	   2 Input      7 Bit        Muxes := 1     
	   7 Input      3 Bit        Muxes := 1     
	  33 Input      2 Bit        Muxes := 1     
	   4 Input      2 Bit        Muxes := 1     
	   2 Input      2 Bit        Muxes := 2     
	   3 Input      2 Bit        Muxes := 1     
	   5 Input      1 Bit        Muxes := 5     
	   2 Input      1 Bit        Muxes := 9     
	   3 Input      1 Bit        Muxes := 4     
	   4 Input      1 Bit        Muxes := 7     
---------------------------------------------------------------------------------
Finished RTL Component Statistics 
---------------------------------------------------------------------------------
---------------------------------------------------------------------------------
Start RTL Hierarchical Component Statistics 
---------------------------------------------------------------------------------
Hierarchical RTL Component report 
Module ps2_keyboard_to_ascii 
Detailed RTL Component Info : 
+---Registers : 
	                8 Bit    Registers := 1     
	                7 Bit    Registers := 1     
	                1 Bit    Registers := 9     
+---Muxes : 
	   3 Input      8 Bit        Muxes := 1     
	   2 Input      8 Bit        Muxes := 11    
	  22 Input      8 Bit        Muxes := 4     
	  35 Input      8 Bit        Muxes := 1     
	   7 Input      8 Bit        Muxes := 1     
	  27 Input      8 Bit        Muxes := 2     
	   4 Input      8 Bit        Muxes := 2     
	  34 Input      7 Bit        Muxes := 1     
	   2 Input      7 Bit        Muxes := 1     
	   7 Input      3 Bit        Muxes := 1     
	  33 Input      2 Bit        Muxes := 1     
	   4 Input      2 Bit        Muxes := 1     
	   2 Input      2 Bit        Muxes := 2     
	   3 Input      2 Bit        Muxes := 1     
	   5 Input      1 Bit        Muxes := 5     
	   2 Input      1 Bit        Muxes := 9     
	   3 Input      1 Bit        Muxes := 4     
	   4 Input      1 Bit        Muxes := 7     
Module debounce 
Detailed RTL Component Info : 
+---Adders : 
	   2 Input      9 Bit       Adders := 1     
+---XORs : 
	   2 Input      1 Bit         XORs := 1     
+---Registers : 
	                9 Bit    Registers := 1     
	                2 Bit    Registers := 1     
	                1 Bit    Registers := 1     
Module ps2_keyboard 
Detailed RTL Component Info : 
+---XORs : 
	   9 Input      1 Bit         XORs := 1     
+---Registers : 
	               11 Bit    Registers := 1     
	                8 Bit    Registers := 1     
	                2 Bit    Registers := 1     
	                1 Bit    Registers := 1     
---------------------------------------------------------------------------------
Finished RTL Hierarchical Component Statistics
---------------------------------------------------------------------------------
---------------------------------------------------------------------------------
Start Part Resource Summary
---------------------------------------------------------------------------------
Part Resources:
DSPs: 66 (col length:40)
BRAMs: 100 (col length: RAMB18 40 RAMB36 20)
---------------------------------------------------------------------------------
Finished Part Resource Summary
---------------------------------------------------------------------------------
---------------------------------------------------------------------------------
Start Cross Boundary and Area Optimization
---------------------------------------------------------------------------------
Warning: Parallel synthesis criteria is not met 
---------------------------------------------------------------------------------
Finished Cross Boundary and Area Optimization : Time (s): cpu = 00:00:10 ; elapsed = 00:00:11 . Memory (MB): peak = 884.355 ; gain = 352.754
---------------------------------------------------------------------------------

Report RTL Partitions: 
+-+--------------+------------+----------+
| |RTL Partition |Replication |Instances |
+-+--------------+------------+----------+
+-+--------------+------------+----------+
---------------------------------------------------------------------------------
Start Applying XDC Timing Constraints
---------------------------------------------------------------------------------
---------------------------------------------------------------------------------
Finished Applying XDC Timing Constraints : Time (s): cpu = 00:00:16 ; elapsed = 00:00:17 . Memory (MB): peak = 884.355 ; gain = 352.754
---------------------------------------------------------------------------------
---------------------------------------------------------------------------------
Start Timing Optimization
---------------------------------------------------------------------------------
---------------------------------------------------------------------------------
Finished Timing Optimization : Time (s): cpu = 00:00:17 ; elapsed = 00:00:18 . Memory (MB): peak = 901.273 ; gain = 369.672
---------------------------------------------------------------------------------

Report RTL Partitions: 
+-+--------------+------------+----------+
| |RTL Partition |Replication |Instances |
+-+--------------+------------+----------+
+-+--------------+------------+----------+
---------------------------------------------------------------------------------
Start Technology Mapping
---------------------------------------------------------------------------------
---------------------------------------------------------------------------------
Finished Technology Mapping : Time (s): cpu = 00:00:17 ; elapsed = 00:00:18 . Memory (MB): peak = 904.891 ; gain = 373.289
---------------------------------------------------------------------------------

Report RTL Partitions: 
+-+--------------+------------+----------+
| |RTL Partition |Replication |Instances |
+-+--------------+------------+----------+
+-+--------------+------------+----------+
---------------------------------------------------------------------------------
Start IO Insertion
---------------------------------------------------------------------------------
---------------------------------------------------------------------------------
Start Flattening Before IO Insertion
---------------------------------------------------------------------------------
---------------------------------------------------------------------------------
Finished Flattening Before IO Insertion
---------------------------------------------------------------------------------
---------------------------------------------------------------------------------
Start Final Netlist Cleanup
---------------------------------------------------------------------------------
---------------------------------------------------------------------------------
Finished Final Netlist Cleanup
---------------------------------------------------------------------------------
---------------------------------------------------------------------------------
Finished IO Insertion : Time (s): cpu = 00:00:18 ; elapsed = 00:00:19 . Memory (MB): peak = 910.656 ; gain = 379.055
---------------------------------------------------------------------------------

Report Check Netlist: 
+------+------------------+-------+---------+-------+------------------+
|      |Item              |Errors |Warnings |Status |Description       |
+------+------------------+-------+---------+-------+------------------+
|1     |multi_driven_nets |      0|        0|Passed |Multi driven nets |
+------+------------------+-------+---------+-------+------------------+
---------------------------------------------------------------------------------
Start Renaming Generated Instances
---------------------------------------------------------------------------------
---------------------------------------------------------------------------------
Finished Renaming Generated Instances : Time (s): cpu = 00:00:18 ; elapsed = 00:00:19 . Memory (MB): peak = 910.656 ; gain = 379.055
---------------------------------------------------------------------------------

Report RTL Partitions: 
+-+--------------+------------+----------+
| |RTL Partition |Replication |Instances |
+-+--------------+------------+----------+
+-+--------------+------------+----------+
---------------------------------------------------------------------------------
Start Rebuilding User Hierarchy
---------------------------------------------------------------------------------
---------------------------------------------------------------------------------
Finished Rebuilding User Hierarchy : Time (s): cpu = 00:00:18 ; elapsed = 00:00:19 . Memory (MB): peak = 910.656 ; gain = 379.055
---------------------------------------------------------------------------------
---------------------------------------------------------------------------------
Start Renaming Generated Ports
---------------------------------------------------------------------------------
---------------------------------------------------------------------------------
Finished Renaming Generated Ports : Time (s): cpu = 00:00:18 ; elapsed = 00:00:19 . Memory (MB): peak = 910.656 ; gain = 379.055
---------------------------------------------------------------------------------
---------------------------------------------------------------------------------
Start Handling Custom Attributes
---------------------------------------------------------------------------------
---------------------------------------------------------------------------------
Finished Handling Custom Attributes : Time (s): cpu = 00:00:18 ; elapsed = 00:00:19 . Memory (MB): peak = 910.656 ; gain = 379.055
---------------------------------------------------------------------------------
---------------------------------------------------------------------------------
Start Renaming Generated Nets
---------------------------------------------------------------------------------
---------------------------------------------------------------------------------
Finished Renaming Generated Nets : Time (s): cpu = 00:00:18 ; elapsed = 00:00:19 . Memory (MB): peak = 910.656 ; gain = 379.055
---------------------------------------------------------------------------------
---------------------------------------------------------------------------------
Start Writing Synthesis Report
---------------------------------------------------------------------------------

Report BlackBoxes: 
+-+--------------+----------+
| |BlackBox name |Instances |
+-+--------------+----------+
+-+--------------+----------+

Report Cell Usage: 
+------+-------+------+
|      |Cell   |Count |
+------+-------+------+
|1     |BUFG   |     1|
|2     |CARRY4 |     3|
|3     |LUT1   |     6|
|4     |LUT2   |     9|
|5     |LUT3   |     9|
|6     |LUT4   |    17|
|7     |LUT5   |    24|
|8     |LUT6   |    86|
|9     |MUXF7  |     7|
|10    |FDRE   |    84|
|11    |IBUF   |     3|
|12    |OBUF   |     8|
+------+-------+------+

Report Instance Areas: 
+------+----------------------+-------------+------+
|      |Instance              |Module       |Cells |
+------+----------------------+-------------+------+
|1     |top                   |             |   257|
|2     |  ps2_keyboard_0      |ps2_keyboard |   217|
|3     |    debounce_ps2_clk  |debounce     |    26|
|4     |    debounce_ps2_data |debounce_0   |    25|
+------+----------------------+-------------+------+
---------------------------------------------------------------------------------
Finished Writing Synthesis Report : Time (s): cpu = 00:00:18 ; elapsed = 00:00:19 . Memory (MB): peak = 910.656 ; gain = 379.055
---------------------------------------------------------------------------------
Synthesis finished with 0 errors, 0 critical warnings and 0 warnings.
Synthesis Optimization Runtime : Time (s): cpu = 00:00:13 ; elapsed = 00:00:18 . Memory (MB): peak = 910.656 ; gain = 268.129
Synthesis Optimization Complete : Time (s): cpu = 00:00:18 ; elapsed = 00:00:19 . Memory (MB): peak = 910.656 ; gain = 379.055
INFO: [Project 1-571] Translating synthesized netlist
INFO: [Netlist 29-17] Analyzing 10 Unisim elements for replacement
INFO: [Netlist 29-28] Unisim Transformation completed in 0 CPU seconds
INFO: [Project 1-570] Preparing netlist for logic optimization
INFO: [Opt 31-138] Pushed 0 inverter(s) to 0 load pin(s).
Netlist sorting complete. Time (s): cpu = 00:00:00 ; elapsed = 00:00:00 . Memory (MB): peak = 919.727 ; gain = 0.000
INFO: [Project 1-111] Unisim Transformation Summary:
No Unisim elements were transformed.

INFO: [Common 17-83] Releasing license: Synthesis
24 Infos, 0 Warnings, 0 Critical Warnings and 0 Errors encountered.
synth_design completed successfully
synth_design: Time (s): cpu = 00:00:22 ; elapsed = 00:00:25 . Memory (MB): peak = 919.727 ; gain = 627.195
Netlist sorting complete. Time (s): cpu = 00:00:00 ; elapsed = 00:00:00 . Memory (MB): peak = 919.727 ; gain = 0.000
WARNING: [Constraints 18-5210] No constraints selected for write.
Resolution: This message can indicate that there are no constraints for the design, or it can indicate that the used_in flags are set such that the constraints are ignored. This later case is used when running synth_design to not write synthesis constraints to the resulting checkpoint. Instead, project constraints are read when the synthesized design is opened.
INFO: [Common 17-1381] The checkpoint 'C:/Users/herendjb/project_4/project_4.runs/synth_1/ps2_keyboard_to_ascii.dcp' has been generated.
INFO: [runtcl-4] Executing : report_utilization -file ps2_keyboard_to_ascii_utilization_synth.rpt -pb ps2_keyboard_to_ascii_utilization_synth.pb
INFO: [Common 17-206] Exiting Vivado at Tue Mar  8 15:27:09 2022...
